#
# There is insufficient memory for the Java Runtime Environment to continue.
# Native memory allocation (malloc) failed to allocate 32744 bytes for ChunkPool::allocate
# Possible reasons:
#   The system is out of physical RAM or swap space
#   In 32 bit mode, the process size limit was hit
# Possible solutions:
#   Reduce memory load on the system
#   Increase physical memory or swap space
#   Check if swap backing store is full
#   Use 64 bit Java on a 64 bit OS
#   Decrease Java heap size (-Xmx/-Xms)
#   Decrease number of Java threads
#   Decrease Java thread stack sizes (-Xss)
#   Set larger code cache with -XX:ReservedCodeCacheSize=
# This output file may be truncated or incomplete.
#
#  Out of Memory Error (allocation.cpp:273), pid=35680, tid=0x0000000000002cb0
#
# JRE version: OpenJDK Runtime Environment (8.0) (build 1.8.0-adoptopenjdk-_2018_05_19_00_59-b00)
# Java VM: OpenJDK 64-Bit Server VM (25.71-b00 mixed mode windows-amd64 compressed oops)
# Failed to write core dump. Minidumps are not enabled by default on client versions of Windows
#

---------------  T H R E A D  ---------------

Current thread (0x000000001e7d1000):  JavaThread "C1 CompilerThread3" daemon [_thread_in_native, id=11440, stack(0x0000000020110000,0x0000000020210000)]

Stack: [0x0000000020110000,0x0000000020210000]
[error occurred during error reporting (printing stack bounds), id 0xc0000005]

Native frames: (J=compiled Java code, j=interpreted, Vv=VM code, C=native code)


Current CompileTask:
C1:   2669 1164       3       java.util.regex.Pattern::sequence (553 bytes)


---------------  P R O C E S S  ---------------

Java Threads: ( => current thread )
  0x000000001e867000 JavaThread "Service Thread" daemon [_thread_blocked, id=34948, stack(0x0000000020210000,0x0000000020310000)]
=>0x000000001e7d1000 JavaThread "C1 CompilerThread3" daemon [_thread_in_native, id=11440, stack(0x0000000020110000,0x0000000020210000)]
  0x000000001e7d0000 JavaThread "C2 CompilerThread2" daemon [_thread_blocked, id=31892, stack(0x0000000020010000,0x0000000020110000)]
  0x000000001e7cc800 JavaThread "C2 CompilerThread1" daemon [_thread_in_native, id=21068, stack(0x000000001ff10000,0x0000000020010000)]
  0x000000001e7c7000 JavaThread "C2 CompilerThread0" daemon [_thread_blocked, id=33760, stack(0x000000001fe10000,0x000000001ff10000)]
  0x000000001e7c4000 JavaThread "Attach Listener" daemon [_thread_blocked, id=35612, stack(0x000000001fd10000,0x000000001fe10000)]
  0x000000001e7c3000 JavaThread "Signal Dispatcher" daemon [_thread_blocked, id=34516, stack(0x000000001fc10000,0x000000001fd10000)]
  0x000000001d0d5000 JavaThread "Finalizer" daemon [_thread_blocked, id=32076, stack(0x000000001fa10000,0x000000001fb10000)]
  0x000000001d0ca800 JavaThread "Reference Handler" daemon [_thread_blocked, id=30688, stack(0x000000001f910000,0x000000001fa10000)]
  0x00000000033a5000 JavaThread "main" [_thread_in_native, id=18216, stack(0x0000000003270000,0x0000000003370000)]

Other Threads:
  0x000000000349c800 VMThread [stack: 0x000000001f810000,0x000000001f910000] [id=15632]
  0x000000001e867800 WatcherThread [stack: 0x0000000020310000,0x0000000020410000] [id=12312]

VM state:not at safepoint (normal execution)

VM Mutex/Monitor currently owned by a thread: None

Heap:
 PSYoungGen      total 76288K, used 24948K [0x000000076b380000, 0x0000000770880000, 0x00000007c0000000)
  eden space 65536K, 38% used [0x000000076b380000,0x000000076cbdd168,0x000000076f380000)
  from space 10752K, 0% used [0x000000076fe00000,0x000000076fe00000,0x0000000770880000)
  to   space 10752K, 0% used [0x000000076f380000,0x000000076f380000,0x000000076fe00000)
 ParOldGen       total 175104K, used 0K [0x00000006c1a00000, 0x00000006cc500000, 0x000000076b380000)
  object space 175104K, 0% used [0x00000006c1a00000,0x00000006c1a00000,0x00000006cc500000)
 Metaspace       used 13045K, capacity 13306K, committed 13440K, reserved 1060864K
  class space    used 1574K, capacity 1645K, committed 1664K, reserved 1048576K

Card table byte_map: [0x0000000012860000,0x0000000013060000] byte_map_base: 0x000000000f253000

Marking Bits: (ParMarkBitMap*) 0x000000006461be50
 Begin Bits: [0x0000000013fb0000, 0x0000000017f48000)
 End Bits:   [0x0000000017f48000, 0x000000001bee0000)

Polling page: 0x00000000031d0000

CodeCache: size=245760Kb used=3965Kb max_used=3980Kb free=241794Kb
 bounds [0x00000000034a0000, 0x0000000003890000, 0x00000000124a0000]
 total_blobs=1538 nmethods=1166 adapters=285
 compilation: enabled

Compilation events (10 events):
Event: 2.610 Thread 0x000000001e7d1000 1159       1       com.sun.org.apache.xerces.internal.impl.xpath.regex.Op$ModifierOp::getData (5 bytes)
Event: 2.610 Thread 0x000000001e7d1000 nmethod 1159 0x000000000387ba90 code [0x000000000387bbe0, 0x000000000387bcf0]
Event: 2.610 Thread 0x000000001e7d1000 1164       3       java.util.regex.Pattern::sequence (553 bytes)
Event: 2.612 Thread 0x000000001e7d0000 1167 %     4       java.io.WinNTFileSystem::normalize @ 61 (231 bytes)
Event: 2.615 Thread 0x000000001e7c7000 1169       4       java.lang.String::endsWith (17 bytes)
Event: 2.619 Thread 0x000000001e7c7000 nmethod 1169 0x000000000387eb50 code [0x000000000387eca0, 0x000000000387ee98]
Event: 2.623 Thread 0x000000001e7c7000 1172       4       com.sun.org.apache.xerces.internal.util.SymbolTable::hash (53 bytes)
Event: 2.626 Thread 0x000000001e7c7000 nmethod 1172 0x000000000387f010 code [0x000000000387f140, 0x000000000387f2b8]
Event: 2.626 Thread 0x000000001e7c7000 1173       4       java.util.regex.Pattern::has (15 bytes)
Event: 2.626 Thread 0x000000001e7c7000 nmethod 1173 0x000000000387f390 code [0x000000000387f4c0, 0x000000000387f538]

GC Heap History (0 events):
No events

Deoptimization events (10 events):
Event: 1.488 Thread 0x00000000033a5000 Uncommon trap: reason=unstable_if action=reinterpret pc=0x00000000036c2cbc method=java.util.HashMap.getNode(ILjava/lang/Object;)Ljava/util/HashMap$Node; @ 129
Event: 1.578 Thread 0x00000000033a5000 Uncommon trap: reason=range_check action=make_not_entrant pc=0x00000000036d1768 method=sun.reflect.generics.parser.SignatureParser.current()C @ 34
Event: 1.680 Thread 0x00000000033a5000 Uncommon trap: reason=unstable_if action=reinterpret pc=0x00000000036b214c method=sun.misc.MetaIndex.mayContain(Ljava/lang/String;)Z @ 38
Event: 1.783 Thread 0x00000000033a5000 Uncommon trap: reason=unstable_if action=reinterpret pc=0x0000000003761494 method=java.io.DataInputStream.readUTF(Ljava/io/DataInput;)Ljava/lang/String; @ 31
Event: 1.798 Thread 0x00000000033a5000 Uncommon trap: reason=unstable_if action=reinterpret pc=0x00000000036d4b58 method=java.lang.AbstractStringBuilder.append(Ljava/lang/String;)Ljava/lang/AbstractStringBuilder; @ 1
Event: 2.007 Thread 0x00000000033a5000 Uncommon trap: reason=class_check action=maybe_recompile pc=0x0000000003765fd4 method=java.io.FilterInputStream.read()I @ 4
Event: 2.019 Thread 0x00000000033a5000 Uncommon trap: reason=class_check action=maybe_recompile pc=0x0000000003765fd4 method=java.io.FilterInputStream.read()I @ 4
Event: 2.019 Thread 0x00000000033a5000 Uncommon trap: reason=class_check action=maybe_recompile pc=0x0000000003765fd4 method=java.io.FilterInputStream.read()I @ 4
Event: 2.019 Thread 0x00000000033a5000 Uncommon trap: reason=class_check action=maybe_recompile pc=0x0000000003765fd4 method=java.io.FilterInputStream.read()I @ 4
Event: 2.074 Thread 0x00000000033a5000 Uncommon trap: reason=unstable_if action=reinterpret pc=0x00000000036c2584 method=java.lang.AbstractStringBuilder.append(Ljava/lang/String;)Ljava/lang/AbstractStringBuilder; @ 1

Classes redefined (0 events):
No events

Internal exceptions (10 events):
Event: 2.599 Thread 0x00000000033a5000 Exception <a 'sun/nio/fs/WindowsException'> (0x000000076ca2e4d0) thrown at [C:\Users\jenkins\workspace\openjdk8_build_x86-64_windows\openjdk\hotspot\src\share\vm\prims\jni.cpp, line 709]
Event: 2.599 Thread 0x00000000033a5000 Exception <a 'sun/nio/fs/WindowsException'> (0x000000076ca2ef18) thrown at [C:\Users\jenkins\workspace\openjdk8_build_x86-64_windows\openjdk\hotspot\src\share\vm\prims\jni.cpp, line 709]
Event: 2.599 Thread 0x00000000033a5000 Exception <a 'sun/nio/fs/WindowsException'> (0x000000076ca2fe98) thrown at [C:\Users\jenkins\workspace\openjdk8_build_x86-64_windows\openjdk\hotspot\src\share\vm\prims\jni.cpp, line 709]
Event: 2.599 Thread 0x00000000033a5000 Exception <a 'sun/nio/fs/WindowsException'> (0x000000076ca30560) thrown at [C:\Users\jenkins\workspace\openjdk8_build_x86-64_windows\openjdk\hotspot\src\share\vm\prims\jni.cpp, line 709]
Event: 2.600 Thread 0x00000000033a5000 Exception <a 'sun/nio/fs/WindowsException'> (0x000000076ca30e80) thrown at [C:\Users\jenkins\workspace\openjdk8_build_x86-64_windows\openjdk\hotspot\src\share\vm\prims\jni.cpp, line 709]
Event: 2.600 Thread 0x00000000033a5000 Exception <a 'sun/nio/fs/WindowsException'> (0x000000076ca31798) thrown at [C:\Users\jenkins\workspace\openjdk8_build_x86-64_windows\openjdk\hotspot\src\share\vm\prims\jni.cpp, line 709]
Event: 2.600 Thread 0x00000000033a5000 Exception <a 'sun/nio/fs/WindowsException'> (0x000000076ca31e70) thrown at [C:\Users\jenkins\workspace\openjdk8_build_x86-64_windows\openjdk\hotspot\src\share\vm\prims\jni.cpp, line 709]
Event: 2.600 Thread 0x00000000033a5000 Exception <a 'sun/nio/fs/WindowsException'> (0x000000076ca32860) thrown at [C:\Users\jenkins\workspace\openjdk8_build_x86-64_windows\openjdk\hotspot\src\share\vm\prims\jni.cpp, line 709]
Event: 2.600 Thread 0x00000000033a5000 Exception <a 'sun/nio/fs/WindowsException'> (0x000000076ca33c40) thrown at [C:\Users\jenkins\workspace\openjdk8_build_x86-64_windows\openjdk\hotspot\src\share\vm\prims\jni.cpp, line 709]
Event: 2.600 Thread 0x00000000033a5000 Exception <a 'sun/nio/fs/WindowsException'> (0x000000076ca34328) thrown at [C:\Users\jenkins\workspace\openjdk8_build_x86-64_windows\openjdk\hotspot\src\share\vm\prims\jni.cpp, line 709]

Events (10 events):
Event: 2.628 loading class sun/misc/FormattedFloatingDecimal$1 done
Event: 2.628 loading class sun/misc/FormattedFloatingDecimal$2
Event: 2.628 loading class sun/misc/FormattedFloatingDecimal$2 done
Event: 2.629 loading class com/android/repository/impl/manager/RemoteRepoLoaderImpl
Event: 2.629 loading class com/android/repository/impl/manager/RemoteRepoLoaderImpl done
Event: 2.630 loading class com/android/repository/api/ProgressIndicator$1
Event: 2.630 loading class com/android/repository/api/ProgressIndicator$1 done
Event: 2.630 loading class com/android/repository/api/DelegatingProgressIndicator
Event: 2.630 loading class com/android/repository/api/DelegatingProgressIndicator done
Event: 2.631 loading class java/util/concurrent/ConcurrentHashMap$KeyIterator


Dynamic libraries:
0x00007ff799a20000 - 0x00007ff799a55000 	D:\Unity\2021.3.23f1\Editor\Data\PlaybackEngines\AndroidPlayer\OpenJDK\bin\java.exe
0x00007ffb9bab0000 - 0x00007ffb9bcc7000 	C:\WINDOWS\SYSTEM32\ntdll.dll
0x00007ffb9a800000 - 0x00007ffb9a8c4000 	C:\WINDOWS\System32\KERNEL32.DLL
0x00007ffb99040000 - 0x00007ffb993e5000 	C:\WINDOWS\System32\KERNELBASE.dll
0x00007ffb99950000 - 0x00007ffb99a01000 	C:\WINDOWS\System32\ADVAPI32.dll
0x00007ffb9b090000 - 0x00007ffb9b137000 	C:\WINDOWS\System32\msvcrt.dll
0x00007ffb9a8d0000 - 0x00007ffb9a976000 	C:\WINDOWS\System32\sechost.dll
0x00007ffb9add0000 - 0x00007ffb9aee7000 	C:\WINDOWS\System32\RPCRT4.dll
0x00007ffb9ac20000 - 0x00007ffb9adce000 	C:\WINDOWS\System32\USER32.dll
0x00007ffb98e20000 - 0x00007ffb98e46000 	C:\WINDOWS\System32\win32u.dll
0x00007ffb99ed0000 - 0x00007ffb99ef9000 	C:\WINDOWS\System32\GDI32.dll
0x00007ffb99580000 - 0x00007ffb99699000 	C:\WINDOWS\System32\gdi32full.dll
0x00007ffb99760000 - 0x00007ffb997fa000 	C:\WINDOWS\System32\msvcp_win.dll
0x00007ffb993f0000 - 0x00007ffb99501000 	C:\WINDOWS\System32\ucrtbase.dll
0x00007ffb8d990000 - 0x00007ffb8dc23000 	C:\WINDOWS\WinSxS\amd64_microsoft.windows.common-controls_6595b64144ccf1df_6.0.22621.2506_none_270c5ae97388e100\COMCTL32.dll
0x00007ffb9ba30000 - 0x00007ffb9ba61000 	C:\WINDOWS\System32\IMM32.DLL
0x00000000646a0000 - 0x0000000064772000 	D:\Unity\2021.3.23f1\Editor\Data\PlaybackEngines\AndroidPlayer\OpenJDK\jre\bin\msvcr100.dll
0x0000000063e50000 - 0x0000000064699000 	D:\Unity\2021.3.23f1\Editor\Data\PlaybackEngines\AndroidPlayer\OpenJDK\jre\bin\server\jvm.dll
0x00007ffb9a220000 - 0x00007ffb9a228000 	C:\WINDOWS\System32\PSAPI.DLL
0x00007ffb86e30000 - 0x00007ffb86e39000 	C:\WINDOWS\SYSTEM32\WSOCK32.dll
0x00007ffb91ef0000 - 0x00007ffb91f24000 	C:\WINDOWS\SYSTEM32\WINMM.dll
0x00007ffb919f0000 - 0x00007ffb919fa000 	C:\WINDOWS\SYSTEM32\VERSION.dll
0x00007ffb99e50000 - 0x00007ffb99ec1000 	C:\WINDOWS\System32\WS2_32.dll
0x00007ffb3d2d0000 - 0x00007ffb3d2df000 	D:\Unity\2021.3.23f1\Editor\Data\PlaybackEngines\AndroidPlayer\OpenJDK\jre\bin\verify.dll
0x00007ffa81150000 - 0x00007ffa81179000 	D:\Unity\2021.3.23f1\Editor\Data\PlaybackEngines\AndroidPlayer\OpenJDK\jre\bin\java.dll
0x00007ffa81130000 - 0x00007ffa81146000 	D:\Unity\2021.3.23f1\Editor\Data\PlaybackEngines\AndroidPlayer\OpenJDK\jre\bin\zip.dll
0x00007ffb9b140000 - 0x00007ffb9b999000 	C:\WINDOWS\System32\SHELL32.dll
0x00007ffb96d40000 - 0x00007ffb97634000 	C:\WINDOWS\SYSTEM32\windows.storage.dll
0x00007ffb99a10000 - 0x00007ffb99d99000 	C:\WINDOWS\System32\combase.dll
0x00007ffb96c00000 - 0x00007ffb96d3e000 	C:\WINDOWS\SYSTEM32\wintypes.dll
0x00007ffb9a980000 - 0x00007ffb9aa73000 	C:\WINDOWS\System32\SHCORE.dll
0x00007ffb99f80000 - 0x00007ffb99fde000 	C:\WINDOWS\System32\shlwapi.dll
0x00007ffb98d50000 - 0x00007ffb98d76000 	C:\WINDOWS\SYSTEM32\profapi.dll
0x00007ffa81110000 - 0x00007ffa8112a000 	D:\Unity\2021.3.23f1\Editor\Data\PlaybackEngines\AndroidPlayer\OpenJDK\jre\bin\net.dll
0x00007ffb98390000 - 0x00007ffb983f9000 	C:\WINDOWS\system32\mswsock.dll
0x00007ffa81060000 - 0x00007ffa81071000 	D:\Unity\2021.3.23f1\Editor\Data\PlaybackEngines\AndroidPlayer\OpenJDK\jre\bin\nio.dll

VM Arguments:
jvm_args: -Dfile.encoding=UTF-8 -Dcom.android.sdklib.toolsdir=D:\Unity\2021.3.23f1\Editor\Data\PlaybackEngines\AndroidPlayer\SDK\tools\bin\\.. 
java_command: com.android.sdklib.tool.sdkmanager.SdkManagerCli --list
java_class_path (initial): D:\Unity\2021.3.23f1\Editor\Data\PlaybackEngines\AndroidPlayer\SDK\tools\bin\..\lib\dvlib-26.0.0-dev.jar;D:\Unity\2021.3.23f1\Editor\Data\PlaybackEngines\AndroidPlayer\SDK\tools\bin\..\lib\jimfs-1.1.jar;D:\Unity\2021.3.23f1\Editor\Data\PlaybackEngines\AndroidPlayer\SDK\tools\bin\..\lib\jsr305-1.3.9.jar;D:\Unity\2021.3.23f1\Editor\Data\PlaybackEngines\AndroidPlayer\SDK\tools\bin\..\lib\repository-26.0.0-dev.jar;D:\Unity\2021.3.23f1\Editor\Data\PlaybackEngines\AndroidPlayer\SDK\tools\bin\..\lib\j2objc-annotations-1.1.jar;D:\Unity\2021.3.23f1\Editor\Data\PlaybackEngines\AndroidPlayer\SDK\tools\bin\..\lib\layoutlib-api-26.0.0-dev.jar;D:\Unity\2021.3.23f1\Editor\Data\PlaybackEngines\AndroidPlayer\SDK\tools\bin\..\lib\gson-2.3.jar;D:\Unity\2021.3.23f1\Editor\Data\PlaybackEngines\AndroidPlayer\SDK\tools\bin\..\lib\httpcore-4.2.5.jar;D:\Unity\2021.3.23f1\Editor\Data\PlaybackEngines\AndroidPlayer\SDK\tools\bin\..\lib\commons-logging-1.1.1.jar;D:\Unity\2021.3.23f1\Editor\Data\PlaybackEngines\AndroidPlayer\SDK\tools\bin\..\lib\commons-compress-1.12.jar;D:\Unity\2021.3.23f1\Editor\Data\PlaybackEngines\AndroidPlayer\SDK\tools\bin\..\lib\annotations-26.0.0-dev.jar;D:\Unity\2021.3.23f1\Editor\Data\PlaybackEngines\AndroidPlayer\SDK\tools\bin\..\lib\error_prone_annotations-2.0.18.jar;D:\Unity\2021.3.23f1\Editor\Data\PlaybackEngines\AndroidPlayer\SDK\tools\bin\..\lib\animal-sniffer-annotations-1.14.jar;D:\Unity\2021.3.23f1\Editor\Data\PlaybackEngines\AndroidPlayer\SDK\tools\bin\..\lib\httpclient-4.2.6.jar;D:\Unity\2021.3.23f1\Editor\Data\PlaybackEngines\AndroidPlayer\SDK\tools\bin\..\lib\commons-codec-1.6.jar;D:\Unity\2021.3.23f1\Editor\Data\PlaybackEngines\AndroidPlayer\SDK\tools\bin\..\lib\common-26.0.0-dev.jar;D:\Unity\2021.3.23f1\Editor\Data\PlaybackEngines\AndroidPlayer\SDK\tools\bin\..\lib\kxml2-2.3.0.jar;D:\Unity\2021.3.23f1\Editor\Data\PlaybackEngines\AndroidPlayer\SDK\tools\bin\..\lib\httpmime-4.1.jar;D:\Unity\2021.3.23f1\Editor\Data\PlaybackEngi
Launcher Type: SUN_STANDARD

Environment Variables:
JAVA_HOME=D:\Unity\2021.3.23f1\Editor\Data\PlaybackEngines\AndroidPlayer\OpenJDK
JAVA_TOOL_OPTIONS=-Dfile.encoding=UTF-8
PATH=C:\ProgramData\Oracle\Java\javapath;C:\Program Files (x86)\Common Files\Intel\Shared Libraries\redist\intel64\compiler;C:\WINDOWS\system32;C:\WINDOWS;C:\WINDOWS\System32\Wbem;C:\WINDOWS\System32\WindowsPowerShell\v1.0\;C:\WINDOWS\System32\OpenSSH\;C:\Users\mosk\AppData\Local\Programs\Python\Python37;C:\Users\mosk\AppData\Local\Programs\Python\Python37\Scripts;C:\Program Files (x86)\NVIDIA Corporation\PhysX\Common;C:\Program Files\NVIDIA Corporation\NVIDIA NvDLISR;C:\Program Files (x86)\ZeroTier\One\;C:\WINDOWS\system32;C:\WINDOWS;C:\WINDOWS\System32\Wbem;C:\WINDOWS\System32\WindowsPowerShell\v1.0\;C:\WINDOWS\System32\OpenSSH\;C:\Program Files\Git\cmd;C:\Program Files (x86)\Windows Kits\10\Windows Performance Toolkit\;C:\Users\mosk\AppData\Local\Programs\Python\Python310\Scripts\;C:\Users\mosk\AppData\Local\Programs\Python\Python310\;C:\Users\mosk\AppData\Local\Microsoft\WindowsApps;C:\Users\mosk\AppData\Local\Programs\Microsoft VS Code\bin;%JAVA_HOME%\bin;;D:\program files\JetBrains\JetBrains Rider 2022.1.2\bin;;D:\Intellij\IntelliJ IDEA Community Edition 2022.3.2\bin;
USERNAME=mosk
OS=Windows_NT
PROCESSOR_IDENTIFIER=Intel64 Family 6 Model 158 Stepping 10, GenuineIntel



---------------  S Y S T E M  ---------------

OS: Windows 10.0 , 64 bit Build 22621 (10.0.22621.2506)

CPU:total 12 (initial active 12) (6 cores per cpu, 2 threads per core) family 6 model 158 stepping 10, cmov, cx8, fxsr, mmx, sse, sse2, sse3, ssse3, sse4.1, sse4.2, popcnt, avx, avx2, aes, clmul, erms, 3dnowpref, lzcnt, ht, tsc, tscinvbit, bmi1, bmi2, adx

Memory: 4k page, physical 16662772k(1202744k free), swap 31264944k(488k free)

vm_info: OpenJDK 64-Bit Server VM (25.71-b00) for windows-amd64 JRE (1.8.0-adoptopenjdk-_2018_05_19_00_59-b00), built on May 19 2018 01:02:12 by "jenkins" with MS VC++ 10.0 (VS2010)

time: Sat Dec 09 00:37:42 2023
elapsed time: 2 seconds (0d 0h 0m 2s)

